1725496670.601854 client started (59275): version 3.4, socket /private/tmp/tmux-501/default, protocol 8
1725496670.601987 on Darwin 23.6.0 Darwin Kernel Version 23.6.0: Mon Jul 29 21:14:21 PDT 2024; root:xnu-10063.141.2~1/RELEASE_ARM64_T8103
1725496670.602008 using libevent 2.1.12-stable select
1725496670.602417 using utf8proc 2.9.0
1725496670.602437 using ncurses 6.4 20221231
1725496670.602467 flags are 0x10010000
1725496670.602480 socket is /private/tmp/tmux-501/default
1725496670.602500 trying connect
1725496670.602587 add peer 0x138008000: 6 (0x0)
1725496670.605648 sending message 100 to peer 0x138008000 (4 bytes)
1725496670.605666 sending message 111 to peer 0x138008000 (8 bytes)
1725496670.605677 sending message 101 to peer 0x138008000 (14 bytes)
1725496670.605687 sending message 109 to peer 0x138008000 (4 bytes)
1725496670.605697 sending message 102 to peer 0x138008000 (13 bytes)
1725496670.605707 sending message 108 to peer 0x138008000 (28 bytes)
1725496670.605717 sending message 112 to peer 0x138008000 (70 bytes)
1725496670.605727 sending message 112 to peer 0x138008000 (5 bytes)
1725496670.605736 sending message 112 to peer 0x138008000 (5 bytes)
1725496670.605745 sending message 112 to peer 0x138008000 (6 bytes)
1725496670.605754 sending message 112 to peer 0x138008000 (6 bytes)
1725496670.605763 sending message 112 to peer 0x138008000 (11 bytes)
1725496670.605773 sending message 112 to peer 0x138008000 (10 bytes)
1725496670.605782 sending message 112 to peer 0x138008000 (13 bytes)
1725496670.605791 sending message 112 to peer 0x138008000 (13 bytes)
1725496670.605800 sending message 112 to peer 0x138008000 (18 bytes)
1725496670.605809 sending message 112 to peer 0x138008000 (11 bytes)
1725496670.605819 sending message 112 to peer 0x138008000 (10 bytes)
1725496670.605828 sending message 112 to peer 0x138008000 (15 bytes)
1725496670.605837 sending message 112 to peer 0x138008000 (21 bytes)
1725496670.605846 sending message 112 to peer 0x138008000 (13 bytes)
1725496670.605855 sending message 112 to peer 0x138008000 (7 bytes)
1725496670.605864 sending message 112 to peer 0x138008000 (13 bytes)
1725496670.605873 sending message 112 to peer 0x138008000 (7 bytes)
1725496670.605883 sending message 112 to peer 0x138008000 (13 bytes)
1725496670.605892 sending message 112 to peer 0x138008000 (9 bytes)
1725496670.605901 sending message 112 to peer 0x138008000 (21 bytes)
1725496670.605910 sending message 112 to peer 0x138008000 (13 bytes)
1725496670.605919 sending message 112 to peer 0x138008000 (8 bytes)
1725496670.605928 sending message 112 to peer 0x138008000 (12 bytes)
1725496670.605937 sending message 112 to peer 0x138008000 (13 bytes)
1725496670.605946 sending message 112 to peer 0x138008000 (9 bytes)
1725496670.605956 sending message 112 to peer 0x138008000 (9 bytes)
1725496670.605965 sending message 112 to peer 0x138008000 (12 bytes)
1725496670.605974 sending message 112 to peer 0x138008000 (8 bytes)
1725496670.605983 sending message 112 to peer 0x138008000 (8 bytes)
1725496670.605992 sending message 112 to peer 0x138008000 (7 bytes)
1725496670.606001 sending message 112 to peer 0x138008000 (7 bytes)
1725496670.606010 sending message 112 to peer 0x138008000 (9 bytes)
1725496670.606019 sending message 112 to peer 0x138008000 (13 bytes)
1725496670.606028 sending message 112 to peer 0x138008000 (6 bytes)
1725496670.606037 sending message 112 to peer 0x138008000 (9 bytes)
1725496670.606047 sending message 112 to peer 0x138008000 (15 bytes)
1725496670.606056 sending message 112 to peer 0x138008000 (13 bytes)
1725496670.606065 sending message 112 to peer 0x138008000 (12 bytes)
1725496670.606074 sending message 112 to peer 0x138008000 (8 bytes)
1725496670.606083 sending message 112 to peer 0x138008000 (14 bytes)
1725496670.606092 sending message 112 to peer 0x138008000 (11 bytes)
1725496670.606101 sending message 112 to peer 0x138008000 (9 bytes)
1725496670.606111 sending message 112 to peer 0x138008000 (10 bytes)
1725496670.606120 sending message 112 to peer 0x138008000 (10 bytes)
1725496670.606129 sending message 112 to peer 0x138008000 (10 bytes)
1725496670.606155 sending message 112 to peer 0x138008000 (10 bytes)
1725496670.606162 sending message 112 to peer 0x138008000 (11 bytes)
1725496670.606168 sending message 112 to peer 0x138008000 (12 bytes)
1725496670.606175 sending message 112 to peer 0x138008000 (12 bytes)
1725496670.606181 sending message 112 to peer 0x138008000 (12 bytes)
1725496670.606187 sending message 112 to peer 0x138008000 (12 bytes)
1725496670.606193 sending message 112 to peer 0x138008000 (12 bytes)
1725496670.606199 sending message 112 to peer 0x138008000 (11 bytes)
1725496670.606206 sending message 112 to peer 0x138008000 (11 bytes)
1725496670.606212 sending message 112 to peer 0x138008000 (12 bytes)
1725496670.606218 sending message 112 to peer 0x138008000 (12 bytes)
1725496670.606224 sending message 112 to peer 0x138008000 (12 bytes)
1725496670.606230 sending message 112 to peer 0x138008000 (12 bytes)
1725496670.606236 sending message 112 to peer 0x138008000 (12 bytes)
1725496670.606242 sending message 112 to peer 0x138008000 (10 bytes)
1725496670.606248 sending message 112 to peer 0x138008000 (12 bytes)
1725496670.606255 sending message 112 to peer 0x138008000 (13 bytes)
1725496670.606261 sending message 112 to peer 0x138008000 (13 bytes)
1725496670.606267 sending message 112 to peer 0x138008000 (13 bytes)
1725496670.606273 sending message 112 to peer 0x138008000 (13 bytes)
1725496670.606279 sending message 112 to peer 0x138008000 (13 bytes)
1725496670.606285 sending message 112 to peer 0x138008000 (8 bytes)
1725496670.606292 sending message 112 to peer 0x138008000 (11 bytes)
1725496670.606298 sending message 112 to peer 0x138008000 (11 bytes)
1725496670.606304 sending message 112 to peer 0x138008000 (11 bytes)
1725496670.606310 sending message 112 to peer 0x138008000 (12 bytes)
1725496670.606316 sending message 112 to peer 0x138008000 (12 bytes)
1725496670.606322 sending message 112 to peer 0x138008000 (12 bytes)
1725496670.606328 sending message 112 to peer 0x138008000 (12 bytes)
1725496670.606334 sending message 112 to peer 0x138008000 (13 bytes)
1725496670.606340 sending message 112 to peer 0x138008000 (13 bytes)
1725496670.606347 sending message 112 to peer 0x138008000 (13 bytes)
1725496670.606353 sending message 112 to peer 0x138008000 (8 bytes)
1725496670.606359 sending message 112 to peer 0x138008000 (13 bytes)
1725496670.606365 sending message 112 to peer 0x138008000 (13 bytes)
1725496670.606372 sending message 112 to peer 0x138008000 (13 bytes)
1725496670.606378 sending message 112 to peer 0x138008000 (13 bytes)
1725496670.606384 sending message 112 to peer 0x138008000 (13 bytes)
1725496670.606390 sending message 112 to peer 0x138008000 (12 bytes)
1725496670.606396 sending message 112 to peer 0x138008000 (12 bytes)
1725496670.606402 sending message 112 to peer 0x138008000 (12 bytes)
1725496670.606408 sending message 112 to peer 0x138008000 (12 bytes)
1725496670.606415 sending message 112 to peer 0x138008000 (13 bytes)
1725496670.606421 sending message 112 to peer 0x138008000 (8 bytes)
1725496670.606427 sending message 112 to peer 0x138008000 (13 bytes)
1725496670.606433 sending message 112 to peer 0x138008000 (13 bytes)
1725496670.606439 sending message 112 to peer 0x138008000 (13 bytes)
1725496670.606445 sending message 112 to peer 0x138008000 (13 bytes)
1725496670.606451 sending message 112 to peer 0x138008000 (13 bytes)
1725496670.606458 sending message 112 to peer 0x138008000 (13 bytes)
1725496670.606464 sending message 112 to peer 0x138008000 (13 bytes)
1725496670.606470 sending message 112 to peer 0x138008000 (12 bytes)
1725496670.606476 sending message 112 to peer 0x138008000 (12 bytes)
1725496670.606482 sending message 112 to peer 0x138008000 (12 bytes)
1725496670.606488 sending message 112 to peer 0x138008000 (8 bytes)
1725496670.606494 sending message 112 to peer 0x138008000 (12 bytes)
1725496670.606500 sending message 112 to peer 0x138008000 (13 bytes)
1725496670.606506 sending message 112 to peer 0x138008000 (13 bytes)
1725496670.606512 sending message 112 to peer 0x138008000 (13 bytes)
1725496670.606519 sending message 112 to peer 0x138008000 (13 bytes)
1725496670.606537 sending message 112 to peer 0x138008000 (13 bytes)
1725496670.606543 sending message 112 to peer 0x138008000 (13 bytes)
1725496670.606550 sending message 112 to peer 0x138008000 (13 bytes)
1725496670.606556 sending message 112 to peer 0x138008000 (13 bytes)
1725496670.606562 sending message 112 to peer 0x138008000 (12 bytes)
1725496670.606568 sending message 112 to peer 0x138008000 (10 bytes)
1725496670.606575 sending message 112 to peer 0x138008000 (12 bytes)
1725496670.606581 sending message 112 to peer 0x138008000 (12 bytes)
1725496670.606587 sending message 112 to peer 0x138008000 (12 bytes)
1725496670.606593 sending message 112 to peer 0x138008000 (13 bytes)
1725496670.606599 sending message 112 to peer 0x138008000 (13 bytes)
1725496670.606605 sending message 112 to peer 0x138008000 (13 bytes)
1725496670.606611 sending message 112 to peer 0x138008000 (13 bytes)
1725496670.606618 sending message 112 to peer 0x138008000 (13 bytes)
1725496670.606624 sending message 112 to peer 0x138008000 (13 bytes)
1725496670.606630 sending message 112 to peer 0x138008000 (13 bytes)
1725496670.606636 sending message 112 to peer 0x138008000 (10 bytes)
1725496670.606642 sending message 112 to peer 0x138008000 (13 bytes)
1725496670.606648 sending message 112 to peer 0x138008000 (12 bytes)
1725496670.606655 sending message 112 to peer 0x138008000 (12 bytes)
1725496670.606661 sending message 112 to peer 0x138008000 (12 bytes)
1725496670.606667 sending message 112 to peer 0x138008000 (10 bytes)
1725496670.606673 sending message 112 to peer 0x138008000 (10 bytes)
1725496670.606679 sending message 112 to peer 0x138008000 (10 bytes)
1725496670.606686 sending message 112 to peer 0x138008000 (12 bytes)
1725496670.606692 sending message 112 to peer 0x138008000 (13 bytes)
1725496670.606698 sending message 112 to peer 0x138008000 (13 bytes)
1725496670.606704 sending message 112 to peer 0x138008000 (13 bytes)
1725496670.606710 sending message 112 to peer 0x138008000 (13 bytes)
1725496670.606716 sending message 112 to peer 0x138008000 (13 bytes)
1725496670.606723 sending message 112 to peer 0x138008000 (11 bytes)
1725496670.606729 sending message 112 to peer 0x138008000 (11 bytes)
1725496670.606735 sending message 112 to peer 0x138008000 (12 bytes)
1725496670.606742 sending message 112 to peer 0x138008000 (12 bytes)
1725496670.606748 sending message 112 to peer 0x138008000 (12 bytes)
1725496670.606754 sending message 112 to peer 0x138008000 (12 bytes)
1725496670.606760 sending message 112 to peer 0x138008000 (12 bytes)
1725496670.606766 sending message 112 to peer 0x138008000 (11 bytes)
1725496670.606772 sending message 112 to peer 0x138008000 (12 bytes)
1725496670.606778 sending message 112 to peer 0x138008000 (12 bytes)
1725496670.606784 sending message 112 to peer 0x138008000 (13 bytes)
1725496670.606791 sending message 112 to peer 0x138008000 (13 bytes)
1725496670.606797 sending message 112 to peer 0x138008000 (13 bytes)
1725496670.606803 sending message 112 to peer 0x138008000 (13 bytes)
1725496670.606809 sending message 112 to peer 0x138008000 (13 bytes)
1725496670.606815 sending message 112 to peer 0x138008000 (10 bytes)
1725496670.606821 sending message 112 to peer 0x138008000 (9 bytes)
1725496670.606828 sending message 112 to peer 0x138008000 (12 bytes)
1725496670.606834 sending message 112 to peer 0x138008000 (13 bytes)
1725496670.606840 sending message 112 to peer 0x138008000 (13 bytes)
1725496670.606846 sending message 112 to peer 0x138008000 (13 bytes)
1725496670.606852 sending message 112 to peer 0x138008000 (13 bytes)
1725496670.606858 sending message 112 to peer 0x138008000 (13 bytes)
1725496670.606864 sending message 112 to peer 0x138008000 (9 bytes)
1725496670.606870 sending message 112 to peer 0x138008000 (12 bytes)
1725496670.606877 sending message 112 to peer 0x138008000 (13 bytes)
1725496670.606883 sending message 112 to peer 0x138008000 (13 bytes)
1725496670.606889 sending message 112 to peer 0x138008000 (13 bytes)
1725496670.606895 sending message 112 to peer 0x138008000 (13 bytes)
1725496670.606911 sending message 112 to peer 0x138008000 (13 bytes)
1725496670.606917 sending message 112 to peer 0x138008000 (11 bytes)
1725496670.606923 sending message 112 to peer 0x138008000 (12 bytes)
1725496670.606929 sending message 112 to peer 0x138008000 (13 bytes)
1725496670.606935 sending message 112 to peer 0x138008000 (13 bytes)
1725496670.606941 sending message 112 to peer 0x138008000 (13 bytes)
1725496670.606948 sending message 112 to peer 0x138008000 (13 bytes)
1725496670.606954 sending message 112 to peer 0x138008000 (13 bytes)
1725496670.606960 sending message 112 to peer 0x138008000 (11 bytes)
1725496670.606966 sending message 112 to peer 0x138008000 (12 bytes)
1725496670.606972 sending message 112 to peer 0x138008000 (12 bytes)
1725496670.606978 sending message 112 to peer 0x138008000 (12 bytes)
1725496670.606984 sending message 112 to peer 0x138008000 (12 bytes)
1725496670.606990 sending message 112 to peer 0x138008000 (12 bytes)
1725496670.606996 sending message 112 to peer 0x138008000 (21 bytes)
1725496670.607002 sending message 112 to peer 0x138008000 (12 bytes)
1725496670.607008 sending message 112 to peer 0x138008000 (9 bytes)
1725496670.607015 sending message 112 to peer 0x138008000 (6 bytes)
1725496670.607022 sending message 112 to peer 0x138008000 (13 bytes)
1725496670.607028 sending message 112 to peer 0x138008000 (8 bytes)
1725496670.607034 sending message 112 to peer 0x138008000 (15 bytes)
1725496670.607040 sending message 112 to peer 0x138008000 (13 bytes)
1725496670.607046 sending message 112 to peer 0x138008000 (9 bytes)
1725496670.607052 sending message 112 to peer 0x138008000 (70 bytes)
1725496670.607058 sending message 112 to peer 0x138008000 (69 bytes)
1725496670.607065 sending message 112 to peer 0x138008000 (10 bytes)
1725496670.607071 sending message 112 to peer 0x138008000 (10 bytes)
1725496670.607077 sending message 112 to peer 0x138008000 (8 bytes)
1725496670.607083 sending message 112 to peer 0x138008000 (15 bytes)
1725496670.607089 sending message 112 to peer 0x138008000 (13 bytes)
1725496670.607095 sending message 112 to peer 0x138008000 (10 bytes)
1725496670.607102 sending message 112 to peer 0x138008000 (10 bytes)
1725496670.607108 sending message 112 to peer 0x138008000 (17 bytes)
1725496670.607114 sending message 112 to peer 0x138008000 (10 bytes)
1725496670.607120 sending message 112 to peer 0x138008000 (13 bytes)
1725496670.607126 sending message 112 to peer 0x138008000 (9 bytes)
1725496670.607132 sending message 112 to peer 0x138008000 (5 bytes)
1725496670.607138 sending message 112 to peer 0x138008000 (15 bytes)
1725496670.607147 sending message 104 to peer 0x138008000 (0 bytes)
1725496670.607155 sending message 110 to peer 0x138008000 (0 bytes)
1725496670.607161 sending message 107 to peer 0x138008000 (4 bytes)
1725496670.607168 sending message 105 to peer 0x138008000 (20 bytes)
1725496670.607175 sending message 105 to peer 0x138008000 (22 bytes)
1725496670.607181 sending message 105 to peer 0x138008000 (12 bytes)
1725496670.607188 sending message 105 to peer 0x138008000 (184 bytes)
1725496670.607194 sending message 105 to peer 0x138008000 (18 bytes)
1725496670.607201 sending message 105 to peer 0x138008000 (74 bytes)
1725496670.607207 sending message 105 to peer 0x138008000 (26 bytes)
1725496670.607213 sending message 105 to peer 0x138008000 (17 bytes)
1725496670.607219 sending message 105 to peer 0x138008000 (14 bytes)
1725496670.607226 sending message 105 to peer 0x138008000 (115 bytes)
1725496670.607233 sending message 105 to peer 0x138008000 (121 bytes)
1725496670.607239 sending message 105 to peer 0x138008000 (18 bytes)
1725496670.607246 sending message 105 to peer 0x138008000 (53 bytes)
1725496670.607252 sending message 105 to peer 0x138008000 (58 bytes)
1725496670.607259 sending message 105 to peer 0x138008000 (40 bytes)
1725496670.607265 sending message 105 to peer 0x138008000 (14 bytes)
1725496670.607272 sending message 105 to peer 0x138008000 (296 bytes)
1725496670.607279 sending message 105 to peer 0x138008000 (32 bytes)
1725496670.607397 sending message 105 to peer 0x138008000 (15 bytes)
1725496670.607412 sending message 105 to peer 0x138008000 (25 bytes)
1725496670.607421 sending message 105 to peer 0x138008000 (8 bytes)
1725496670.607428 sending message 105 to peer 0x138008000 (66 bytes)
1725496670.607436 sending message 105 to peer 0x138008000 (19 bytes)
1725496670.607443 sending message 105 to peer 0x138008000 (202 bytes)
1725496670.607453 sending message 105 to peer 0x138008000 (18 bytes)
1725496670.607461 sending message 105 to peer 0x138008000 (25 bytes)
1725496670.607469 sending message 105 to peer 0x138008000 (57 bytes)
1725496670.607476 sending message 105 to peer 0x138008000 (43 bytes)
1725496670.607483 sending message 105 to peer 0x138008000 (14 bytes)
1725496670.607489 sending message 105 to peer 0x138008000 (60 bytes)
1725496670.607496 sending message 105 to peer 0x138008000 (11 bytes)
1725496670.607502 sending message 105 to peer 0x138008000 (48 bytes)
1725496670.607509 sending message 105 to peer 0x138008000 (61 bytes)
1725496670.607515 sending message 105 to peer 0x138008000 (72 bytes)
1725496670.607521 sending message 105 to peer 0x138008000 (64 bytes)
1725496670.607527 sending message 105 to peer 0x138008000 (15 bytes)
1725496670.607534 sending message 105 to peer 0x138008000 (69 bytes)
1725496670.607540 sending message 105 to peer 0x138008000 (156 bytes)
1725496670.607551 sending message 105 to peer 0x138008000 (146 bytes)
1725496670.607558 sending message 105 to peer 0x138008000 (14 bytes)
1725496670.607564 sending message 105 to peer 0x138008000 (19 bytes)
1725496670.607571 sending message 105 to peer 0x138008000 (33 bytes)
1725496670.607577 sending message 105 to peer 0x138008000 (44 bytes)
1725496670.607583 sending message 105 to peer 0x138008000 (34 bytes)
1725496670.607589 sending message 105 to peer 0x138008000 (23 bytes)
1725496670.607596 sending message 105 to peer 0x138008000 (25 bytes)
1725496670.607602 sending message 105 to peer 0x138008000 (29 bytes)
1725496670.607608 sending message 105 to peer 0x138008000 (36 bytes)
1725496670.607615 sending message 105 to peer 0x138008000 (13 bytes)
1725496670.607621 sending message 105 to peer 0x138008000 (11 bytes)
1725496670.607628 sending message 105 to peer 0x138008000 (13 bytes)
1725496670.607634 sending message 105 to peer 0x138008000 (14 bytes)
1725496670.607640 sending message 105 to peer 0x138008000 (13 bytes)
1725496670.607647 sending message 105 to peer 0x138008000 (138 bytes)
1725496670.607653 sending message 105 to peer 0x138008000 (35 bytes)
1725496670.607659 sending message 105 to peer 0x138008000 (11 bytes)
1725496670.607666 sending message 105 to peer 0x138008000 (17 bytes)
1725496670.607672 sending message 105 to peer 0x138008000 (12 bytes)
1725496670.607679 sending message 105 to peer 0x138008000 (171 bytes)
1725496670.607688 sending message 105 to peer 0x138008000 (94 bytes)
1725496670.607698 sending message 105 to peer 0x138008000 (14 bytes)
1725496670.607704 sending message 105 to peer 0x138008000 (17 bytes)
1725496670.607710 sending message 105 to peer 0x138008000 (15 bytes)
1725496670.607716 sending message 105 to peer 0x138008000 (15 bytes)
1725496670.607723 sending message 105 to peer 0x138008000 (14 bytes)
1725496670.607729 sending message 105 to peer 0x138008000 (11 bytes)
1725496670.607734 sending message 105 to peer 0x138008000 (17 bytes)
1725496670.607739 sending message 105 to peer 0x138008000 (17 bytes)
1725496670.607744 sending message 105 to peer 0x138008000 (17 bytes)
1725496670.607749 sending message 105 to peer 0x138008000 (14 bytes)
1725496670.607755 sending message 105 to peer 0x138008000 (13 bytes)
1725496670.607760 sending message 105 to peer 0x138008000 (62 bytes)
1725496670.607766 sending message 105 to peer 0x138008000 (13 bytes)
1725496670.607772 sending message 105 to peer 0x138008000 (231 bytes)
1725496670.607779 sending message 105 to peer 0x138008000 (129 bytes)
1725496670.607785 sending message 105 to peer 0x138008000 (12 bytes)
1725496670.607790 sending message 105 to peer 0x138008000 (18 bytes)
1725496670.607795 sending message 105 to peer 0x138008000 (17 bytes)
1725496670.607811 sending message 105 to peer 0x138008000 (12 bytes)
1725496670.607817 sending message 105 to peer 0x138008000 (17 bytes)
1725496670.607822 sending message 105 to peer 0x138008000 (17 bytes)
1725496670.607827 sending message 105 to peer 0x138008000 (17 bytes)
1725496670.607832 sending message 105 to peer 0x138008000 (17 bytes)
1725496670.607837 sending message 105 to peer 0x138008000 (17 bytes)
1725496670.607842 sending message 105 to peer 0x138008000 (13 bytes)
1725496670.607847 sending message 105 to peer 0x138008000 (13 bytes)
1725496670.607852 sending message 105 to peer 0x138008000 (12 bytes)
1725496670.607858 sending message 105 to peer 0x138008000 (16 bytes)
1725496670.607863 sending message 105 to peer 0x138008000 (15 bytes)
1725496670.607868 sending message 105 to peer 0x138008000 (23 bytes)
1725496670.607873 sending message 105 to peer 0x138008000 (41 bytes)
1725496670.607878 sending message 105 to peer 0x138008000 (53 bytes)
1725496670.607883 sending message 105 to peer 0x138008000 (82 bytes)
1725496670.607888 sending message 105 to peer 0x138008000 (45 bytes)
1725496670.607893 sending message 105 to peer 0x138008000 (15 bytes)
1725496670.607899 sending message 105 to peer 0x138008000 (26 bytes)
1725496670.607904 sending message 105 to peer 0x138008000 (18 bytes)
1725496670.607909 sending message 105 to peer 0x138008000 (32 bytes)
1725496670.607914 sending message 105 to peer 0x138008000 (27 bytes)
1725496670.607919 sending message 105 to peer 0x138008000 (40 bytes)
1725496670.607924 sending message 106 to peer 0x138008000 (0 bytes)
1725496670.608014 sending message 200 to peer 0x138008000 (4 bytes)
1725496670.608022 client loop enter
1725496670.608420 peer 0x138008000 message 303
1725496670.608429 open write file 2 -
1725496670.608446 sending message 305 to peer 0x138008000 (8 bytes)
1725496670.608462 write check file 2
1725496670.608489 peer 0x138008000 message 304
1725496670.608498 write 58 to file 2
1725496670.608505 peer 0x138008000 message 203
1725496670.608510 file 2 58 bytes left
1725496670.608526 write check file 2
1725496670.608532 client loop exit
